<?xml version="1.0" encoding="UTF-8"?>
<!-- Generated by org.testng.reporters.JUnitReportReporter -->
<testsuite skipped="0" hostname="Hmraghu" name="com.tests.TC_1" tests="1" failures="0" timestamp="17 Apr 2019 07:44:53 GMT" time="0.006" errors="0">
  <testcase name="openbrowser" time="0.006" classname="com.tests.TC_1"/>
</testsuite> <!-- com.tests.TC_1 -->
